[2025-09-13 12:33:08.412] [27746] [HailoRT] [info] [device.cpp:49] [Device] OS Version: Linux 6.12.34+rpt-rpi-2712 #1 SMP PREEMPT Debian 1:6.12.34-1+rpt1~bookworm (2025-06-26) aarch64
[2025-09-13 12:33:08.415] [27746] [HailoRT] [info] [control.cpp:108] [control__parse_identify_results] firmware_version is: 4.20.0
[2025-09-13 12:33:08.417] [27746] [HailoRT] [info] [control.cpp:108] [control__parse_identify_results] firmware_version is: 4.20.0
[2025-09-13 12:33:08.634] [27746] [HailoRT] [info] [device.cpp:49] [Device] OS Version: Linux 6.12.34+rpt-rpi-2712 #1 SMP PREEMPT Debian 1:6.12.34-1+rpt1~bookworm (2025-06-26) aarch64
[2025-09-13 12:33:08.636] [27746] [HailoRT] [info] [control.cpp:108] [control__parse_identify_results] firmware_version is: 4.20.0
[2025-09-13 12:33:08.637] [27746] [HailoRT] [info] [control.cpp:108] [control__parse_identify_results] firmware_version is: 4.20.0
[2025-09-13 12:34:34.980] [27975] [HailoRT] [info] [device.cpp:49] [Device] OS Version: Linux 6.12.34+rpt-rpi-2712 #1 SMP PREEMPT Debian 1:6.12.34-1+rpt1~bookworm (2025-06-26) aarch64
[2025-09-13 12:34:34.982] [27975] [HailoRT] [info] [control.cpp:108] [control__parse_identify_results] firmware_version is: 4.20.0
[2025-09-13 12:34:34.986] [27975] [HailoRT] [info] [control.cpp:108] [control__parse_identify_results] firmware_version is: 4.20.0
[2025-09-13 12:34:35.567] [27975] [HailoRT] [info] [device.cpp:49] [Device] OS Version: Linux 6.12.34+rpt-rpi-2712 #1 SMP PREEMPT Debian 1:6.12.34-1+rpt1~bookworm (2025-06-26) aarch64
[2025-09-13 12:34:35.569] [27975] [HailoRT] [info] [control.cpp:108] [control__parse_identify_results] firmware_version is: 4.20.0
[2025-09-13 12:34:35.571] [27975] [HailoRT] [info] [control.cpp:108] [control__parse_identify_results] firmware_version is: 4.20.0
[2025-09-13 12:35:55.555] [28347] [HailoRT] [info] [device.cpp:49] [Device] OS Version: Linux 6.12.34+rpt-rpi-2712 #1 SMP PREEMPT Debian 1:6.12.34-1+rpt1~bookworm (2025-06-26) aarch64
[2025-09-13 12:35:55.557] [28347] [HailoRT] [info] [control.cpp:108] [control__parse_identify_results] firmware_version is: 4.20.0
[2025-09-13 12:35:55.558] [28347] [HailoRT] [info] [control.cpp:108] [control__parse_identify_results] firmware_version is: 4.20.0
[2025-09-13 12:35:55.623] [28347] [HailoRT] [info] [device.cpp:49] [Device] OS Version: Linux 6.12.34+rpt-rpi-2712 #1 SMP PREEMPT Debian 1:6.12.34-1+rpt1~bookworm (2025-06-26) aarch64
[2025-09-13 12:35:55.626] [28347] [HailoRT] [info] [control.cpp:108] [control__parse_identify_results] firmware_version is: 4.20.0
[2025-09-13 12:35:55.627] [28347] [HailoRT] [info] [control.cpp:108] [control__parse_identify_results] firmware_version is: 4.20.0
[2025-09-13 12:35:56.808] [28379] [HailoRT] [info] [device.cpp:49] [Device] OS Version: Linux 6.12.34+rpt-rpi-2712 #1 SMP PREEMPT Debian 1:6.12.34-1+rpt1~bookworm (2025-06-26) aarch64
[2025-09-13 12:35:56.809] [28379] [HailoRT] [info] [control.cpp:108] [control__parse_identify_results] firmware_version is: 4.20.0
[2025-09-13 12:35:56.810] [28379] [HailoRT] [info] [control.cpp:108] [control__parse_identify_results] firmware_version is: 4.20.0
[2025-09-13 12:35:56.852] [28379] [HailoRT] [info] [vdevice.cpp:523] [create] Creating vdevice with params: device_count: 1, scheduling_algorithm: ROUND_ROBIN, multi_process_service: true
[2025-09-13 12:35:57.873] [28379] [HailoRT] [info] [device.cpp:49] [Device] OS Version: Linux 6.12.34+rpt-rpi-2712 #1 SMP PREEMPT Debian 1:6.12.34-1+rpt1~bookworm (2025-06-26) aarch64
[2025-09-13 12:35:57.875] [28379] [HailoRT] [info] [control.cpp:108] [control__parse_identify_results] firmware_version is: 4.20.0
[2025-09-13 12:35:57.965] [28379] [HailoRT] [info] [hef.cpp:1929] [get_network_group_and_network_name] No name was given. Addressing all networks of default network_group: best_v8
[2025-09-13 12:35:57.965] [28379] [HailoRT] [info] [hef.cpp:1929] [get_network_group_and_network_name] No name was given. Addressing all networks of default network_group: best_v8
[2025-09-13 12:35:58.173] [28379] [HailoRT] [info] [infer_model.cpp:436] [configure] Configuring network group 'best_v8' with params: batch size: 1, power mode: ULTRA_PERFORMANCE, latency: NONE
[2025-09-13 12:35:58.174] [28379] [HailoRT] [info] [multi_io_elements.cpp:756] [create] Created (AsyncHwEl)
[2025-09-13 12:35:58.175] [28379] [HailoRT] [info] [queue_elements.cpp:450] [create] Created (EntryPushQEl0best_v8/input_layer1 | timeout: 10s)
[2025-09-13 12:35:58.175] [28379] [HailoRT] [info] [filter_elements.cpp:101] [create] Created (PreInferEl7best_v8/input_layer1 | Reorder - src_order: NHWC, src_shape: (640, 640, 3), dst_order: NHCW, dst_shape: (640, 640, 3))
[2025-09-13 12:35:58.175] [28379] [HailoRT] [info] [queue_elements.cpp:450] [create] Created (PushQEl7best_v8/input_layer1 | timeout: 10s)
[2025-09-13 12:35:58.175] [28379] [HailoRT] [info] [multi_io_elements.cpp:135] [create] Created (NmsPPMuxEl0YOLOV8-Post-Process | Op YOLOV8, Name: YOLOV8-Post-Process, Score threshold: 0.300, IoU threshold: 0.60, Classes: 4, Cross classes: false, NMS results order: BY_CLASS, Max bboxes per class: 100, Image height: 640, Image width: 640)
[2025-09-13 12:35:58.176] [28379] [HailoRT] [info] [queue_elements.cpp:942] [create] Created (MultiPushQEl0YOLOV8-Post-Process | timeout: 10s)
[2025-09-13 12:35:58.176] [28379] [HailoRT] [info] [edge_elements.cpp:187] [create] Created (LastAsyncEl0NmsPPMuxEl0YOLOV8-Post-Process)
[2025-09-13 12:35:58.176] [28379] [HailoRT] [info] [pipeline.cpp:891] [print_deep_description] EntryPushQEl0best_v8/input_layer1 | inputs: user | outputs: PreInferEl7best_v8/input_layer1(running in thread_id: 28446)
[2025-09-13 12:35:58.176] [28379] [HailoRT] [info] [pipeline.cpp:891] [print_deep_description] PreInferEl7best_v8/input_layer1 | inputs: EntryPushQEl0best_v8/input_layer1[0] | outputs: PushQEl7best_v8/input_layer1
[2025-09-13 12:35:58.176] [28379] [HailoRT] [info] [pipeline.cpp:891] [print_deep_description] PushQEl7best_v8/input_layer1 | inputs: PreInferEl7best_v8/input_layer1[0] | outputs: AsyncHwEl(running in thread_id: 28447)
[2025-09-13 12:35:58.176] [28379] [HailoRT] [info] [pipeline.cpp:891] [print_deep_description] AsyncHwEl | inputs: PushQEl7best_v8/input_layer1[0] | outputs: MultiPushQEl0YOLOV8-Post-Process MultiPushQEl0YOLOV8-Post-Process MultiPushQEl0YOLOV8-Post-Process MultiPushQEl0YOLOV8-Post-Process MultiPushQEl0YOLOV8-Post-Process MultiPushQEl0YOLOV8-Post-Process
[2025-09-13 12:35:58.176] [28379] [HailoRT] [info] [pipeline.cpp:891] [print_deep_description] MultiPushQEl0YOLOV8-Post-Process | inputs: AsyncHwEl[0] AsyncHwEl[1] AsyncHwEl[2] AsyncHwEl[3] AsyncHwEl[4] AsyncHwEl[5] | outputs: NmsPPMuxEl0YOLOV8-Post-Process(running in thread_id: 28448)
[2025-09-13 12:35:58.176] [28379] [HailoRT] [info] [pipeline.cpp:891] [print_deep_description] NmsPPMuxEl0YOLOV8-Post-Process | inputs: MultiPushQEl0YOLOV8-Post-Process[0] | outputs: LastAsyncEl0NmsPPMuxEl0YOLOV8-Post-Process
[2025-09-13 12:35:58.176] [28379] [HailoRT] [info] [pipeline.cpp:891] [print_deep_description] LastAsyncEl0NmsPPMuxEl0YOLOV8-Post-Process | inputs: NmsPPMuxEl0YOLOV8-Post-Process[0] | outputs: user
[2025-09-13 12:35:58.176] [28379] [HailoRT] [info] [hef.cpp:1929] [get_network_group_and_network_name] No name was given. Addressing all networks of default network_group: best_v8
[2025-09-13 12:35:58.176] [28379] [HailoRT] [info] [hef.cpp:1929] [get_network_group_and_network_name] No name was given. Addressing all networks of default network_group: best_v8
[2025-09-13 12:35:58.835] [28347] [HailoRT] [info] [async_infer_runner.cpp:86] [shutdown] Pipeline was aborted. Shutting it down
[2025-09-13 12:35:58.837] [28347] [HailoRT] [info] [queue_elements.cpp:1131] [execute_deactivate] enqueue() in element MultiPushQEl0YOLOV8-Post-Process was aborted, got status = HAILO_SHUTDOWN_EVENT_SIGNALED(57)
[2025-09-13 12:35:58.837] [28347] [HailoRT] [info] [queue_elements.cpp:1131] [execute_deactivate] enqueue() in element MultiPushQEl0YOLOV8-Post-Process was aborted, got status = HAILO_SHUTDOWN_EVENT_SIGNALED(57)
[2025-09-13 12:35:58.837] [28347] [HailoRT] [info] [queue_elements.cpp:1131] [execute_deactivate] enqueue() in element MultiPushQEl0YOLOV8-Post-Process was aborted, got status = HAILO_SHUTDOWN_EVENT_SIGNALED(57)
[2025-09-13 12:35:58.837] [28347] [HailoRT] [info] [queue_elements.cpp:1131] [execute_deactivate] enqueue() in element MultiPushQEl0YOLOV8-Post-Process was aborted, got status = HAILO_SHUTDOWN_EVENT_SIGNALED(57)
[2025-09-13 12:35:58.837] [28347] [HailoRT] [info] [queue_elements.cpp:1131] [execute_deactivate] enqueue() in element MultiPushQEl0YOLOV8-Post-Process was aborted, got status = HAILO_SHUTDOWN_EVENT_SIGNALED(57)
[2025-09-13 12:35:58.837] [28347] [HailoRT] [info] [queue_elements.cpp:1131] [execute_deactivate] enqueue() in element MultiPushQEl0YOLOV8-Post-Process was aborted, got status = HAILO_SHUTDOWN_EVENT_SIGNALED(57)
[2025-09-13 12:35:58.837] [28347] [HailoRT] [info] [queue_elements.cpp:570] [execute_deactivate] enqueue() in element PushQEl7best_v8/input_layer1 was aborted, got status = HAILO_SHUTDOWN_EVENT_SIGNALED(57)
[2025-09-13 12:35:58.837] [28347] [HailoRT] [info] [queue_elements.cpp:570] [execute_deactivate] enqueue() in element EntryPushQEl0best_v8/input_layer1 was aborted, got status = HAILO_SHUTDOWN_EVENT_SIGNALED(57)
[2025-09-13 12:35:58.837] [28347] [HailoRT] [info] [queue_elements.cpp:46] [~BaseQueueElement] Queue element EntryPushQEl0best_v8/input_layer1 has 0 frames in his Queue on destruction
[2025-09-13 12:35:58.837] [28347] [HailoRT] [info] [queue_elements.cpp:46] [~BaseQueueElement] Queue element PushQEl7best_v8/input_layer1 has 0 frames in his Queue on destruction
[2025-09-13 12:35:58.839] [28444] [HailoRT] [info] [vdevice.cpp:424] [listener_run_in_thread] Shutdown event was signaled in listener_run_in_thread
[2025-09-13 12:36:17.987] [28520] [HailoRT] [info] [device.cpp:49] [Device] OS Version: Linux 6.12.34+rpt-rpi-2712 #1 SMP PREEMPT Debian 1:6.12.34-1+rpt1~bookworm (2025-06-26) aarch64
[2025-09-13 12:36:17.989] [28520] [HailoRT] [info] [control.cpp:108] [control__parse_identify_results] firmware_version is: 4.20.0
[2025-09-13 12:36:17.992] [28520] [HailoRT] [info] [control.cpp:108] [control__parse_identify_results] firmware_version is: 4.20.0
[2025-09-13 12:36:18.072] [28520] [HailoRT] [info] [device.cpp:49] [Device] OS Version: Linux 6.12.34+rpt-rpi-2712 #1 SMP PREEMPT Debian 1:6.12.34-1+rpt1~bookworm (2025-06-26) aarch64
[2025-09-13 12:36:18.073] [28520] [HailoRT] [info] [control.cpp:108] [control__parse_identify_results] firmware_version is: 4.20.0
[2025-09-13 12:36:18.074] [28520] [HailoRT] [info] [control.cpp:108] [control__parse_identify_results] firmware_version is: 4.20.0
[2025-09-13 12:36:19.084] [28547] [HailoRT] [info] [device.cpp:49] [Device] OS Version: Linux 6.12.34+rpt-rpi-2712 #1 SMP PREEMPT Debian 1:6.12.34-1+rpt1~bookworm (2025-06-26) aarch64
[2025-09-13 12:36:19.086] [28547] [HailoRT] [info] [control.cpp:108] [control__parse_identify_results] firmware_version is: 4.20.0
[2025-09-13 12:36:19.088] [28547] [HailoRT] [info] [control.cpp:108] [control__parse_identify_results] firmware_version is: 4.20.0
[2025-09-13 12:36:19.120] [28547] [HailoRT] [info] [vdevice.cpp:523] [create] Creating vdevice with params: device_count: 1, scheduling_algorithm: ROUND_ROBIN, multi_process_service: true
[2025-09-13 12:36:20.140] [28547] [HailoRT] [info] [device.cpp:49] [Device] OS Version: Linux 6.12.34+rpt-rpi-2712 #1 SMP PREEMPT Debian 1:6.12.34-1+rpt1~bookworm (2025-06-26) aarch64
[2025-09-13 12:36:20.143] [28547] [HailoRT] [info] [control.cpp:108] [control__parse_identify_results] firmware_version is: 4.20.0
[2025-09-13 12:36:20.224] [28547] [HailoRT] [info] [hef.cpp:1929] [get_network_group_and_network_name] No name was given. Addressing all networks of default network_group: best_v8
[2025-09-13 12:36:20.224] [28547] [HailoRT] [info] [hef.cpp:1929] [get_network_group_and_network_name] No name was given. Addressing all networks of default network_group: best_v8
[2025-09-13 12:36:20.425] [28547] [HailoRT] [info] [infer_model.cpp:436] [configure] Configuring network group 'best_v8' with params: batch size: 1, power mode: ULTRA_PERFORMANCE, latency: NONE
[2025-09-13 12:36:20.426] [28547] [HailoRT] [info] [multi_io_elements.cpp:756] [create] Created (AsyncHwEl)
[2025-09-13 12:36:20.427] [28547] [HailoRT] [info] [queue_elements.cpp:450] [create] Created (EntryPushQEl0best_v8/input_layer1 | timeout: 10s)
[2025-09-13 12:36:20.427] [28547] [HailoRT] [info] [filter_elements.cpp:101] [create] Created (PreInferEl7best_v8/input_layer1 | Reorder - src_order: NHWC, src_shape: (640, 640, 3), dst_order: NHCW, dst_shape: (640, 640, 3))
[2025-09-13 12:36:20.427] [28547] [HailoRT] [info] [queue_elements.cpp:450] [create] Created (PushQEl7best_v8/input_layer1 | timeout: 10s)
[2025-09-13 12:36:20.427] [28547] [HailoRT] [info] [multi_io_elements.cpp:135] [create] Created (NmsPPMuxEl0YOLOV8-Post-Process | Op YOLOV8, Name: YOLOV8-Post-Process, Score threshold: 0.300, IoU threshold: 0.60, Classes: 4, Cross classes: false, NMS results order: BY_CLASS, Max bboxes per class: 100, Image height: 640, Image width: 640)
[2025-09-13 12:36:20.428] [28547] [HailoRT] [info] [queue_elements.cpp:942] [create] Created (MultiPushQEl0YOLOV8-Post-Process | timeout: 10s)
[2025-09-13 12:36:20.428] [28547] [HailoRT] [info] [edge_elements.cpp:187] [create] Created (LastAsyncEl0NmsPPMuxEl0YOLOV8-Post-Process)
[2025-09-13 12:36:20.428] [28547] [HailoRT] [info] [pipeline.cpp:891] [print_deep_description] EntryPushQEl0best_v8/input_layer1 | inputs: user | outputs: PreInferEl7best_v8/input_layer1(running in thread_id: 28606)
[2025-09-13 12:36:20.428] [28547] [HailoRT] [info] [pipeline.cpp:891] [print_deep_description] PreInferEl7best_v8/input_layer1 | inputs: EntryPushQEl0best_v8/input_layer1[0] | outputs: PushQEl7best_v8/input_layer1
[2025-09-13 12:36:20.428] [28547] [HailoRT] [info] [pipeline.cpp:891] [print_deep_description] PushQEl7best_v8/input_layer1 | inputs: PreInferEl7best_v8/input_layer1[0] | outputs: AsyncHwEl(running in thread_id: 28607)
[2025-09-13 12:36:20.428] [28547] [HailoRT] [info] [pipeline.cpp:891] [print_deep_description] AsyncHwEl | inputs: PushQEl7best_v8/input_layer1[0] | outputs: MultiPushQEl0YOLOV8-Post-Process MultiPushQEl0YOLOV8-Post-Process MultiPushQEl0YOLOV8-Post-Process MultiPushQEl0YOLOV8-Post-Process MultiPushQEl0YOLOV8-Post-Process MultiPushQEl0YOLOV8-Post-Process
[2025-09-13 12:36:20.428] [28547] [HailoRT] [info] [pipeline.cpp:891] [print_deep_description] MultiPushQEl0YOLOV8-Post-Process | inputs: AsyncHwEl[0] AsyncHwEl[1] AsyncHwEl[2] AsyncHwEl[3] AsyncHwEl[4] AsyncHwEl[5] | outputs: NmsPPMuxEl0YOLOV8-Post-Process(running in thread_id: 28608)
[2025-09-13 12:36:20.428] [28547] [HailoRT] [info] [pipeline.cpp:891] [print_deep_description] NmsPPMuxEl0YOLOV8-Post-Process | inputs: MultiPushQEl0YOLOV8-Post-Process[0] | outputs: LastAsyncEl0NmsPPMuxEl0YOLOV8-Post-Process
[2025-09-13 12:36:20.428] [28547] [HailoRT] [info] [pipeline.cpp:891] [print_deep_description] LastAsyncEl0NmsPPMuxEl0YOLOV8-Post-Process | inputs: NmsPPMuxEl0YOLOV8-Post-Process[0] | outputs: user
[2025-09-13 12:36:20.428] [28547] [HailoRT] [info] [hef.cpp:1929] [get_network_group_and_network_name] No name was given. Addressing all networks of default network_group: best_v8
[2025-09-13 12:36:20.428] [28547] [HailoRT] [info] [hef.cpp:1929] [get_network_group_and_network_name] No name was given. Addressing all networks of default network_group: best_v8
[2025-09-13 12:36:34.599] [28520] [HailoRT] [info] [async_infer_runner.cpp:86] [shutdown] Pipeline was aborted. Shutting it down
[2025-09-13 12:36:34.601] [28520] [HailoRT] [info] [queue_elements.cpp:1131] [execute_deactivate] enqueue() in element MultiPushQEl0YOLOV8-Post-Process was aborted, got status = HAILO_SHUTDOWN_EVENT_SIGNALED(57)
[2025-09-13 12:36:34.601] [28520] [HailoRT] [info] [queue_elements.cpp:1131] [execute_deactivate] enqueue() in element MultiPushQEl0YOLOV8-Post-Process was aborted, got status = HAILO_SHUTDOWN_EVENT_SIGNALED(57)
[2025-09-13 12:36:34.601] [28520] [HailoRT] [info] [queue_elements.cpp:1131] [execute_deactivate] enqueue() in element MultiPushQEl0YOLOV8-Post-Process was aborted, got status = HAILO_SHUTDOWN_EVENT_SIGNALED(57)
[2025-09-13 12:36:34.601] [28520] [HailoRT] [info] [queue_elements.cpp:1131] [execute_deactivate] enqueue() in element MultiPushQEl0YOLOV8-Post-Process was aborted, got status = HAILO_SHUTDOWN_EVENT_SIGNALED(57)
[2025-09-13 12:36:34.601] [28520] [HailoRT] [info] [queue_elements.cpp:1131] [execute_deactivate] enqueue() in element MultiPushQEl0YOLOV8-Post-Process was aborted, got status = HAILO_SHUTDOWN_EVENT_SIGNALED(57)
[2025-09-13 12:36:34.601] [28520] [HailoRT] [info] [queue_elements.cpp:1131] [execute_deactivate] enqueue() in element MultiPushQEl0YOLOV8-Post-Process was aborted, got status = HAILO_SHUTDOWN_EVENT_SIGNALED(57)
[2025-09-13 12:36:34.601] [28520] [HailoRT] [info] [queue_elements.cpp:570] [execute_deactivate] enqueue() in element PushQEl7best_v8/input_layer1 was aborted, got status = HAILO_SHUTDOWN_EVENT_SIGNALED(57)
[2025-09-13 12:36:34.601] [28520] [HailoRT] [info] [queue_elements.cpp:570] [execute_deactivate] enqueue() in element EntryPushQEl0best_v8/input_layer1 was aborted, got status = HAILO_SHUTDOWN_EVENT_SIGNALED(57)
[2025-09-13 12:36:34.601] [28520] [HailoRT] [info] [queue_elements.cpp:46] [~BaseQueueElement] Queue element EntryPushQEl0best_v8/input_layer1 has 0 frames in his Queue on destruction
[2025-09-13 12:36:34.601] [28520] [HailoRT] [info] [queue_elements.cpp:46] [~BaseQueueElement] Queue element PushQEl7best_v8/input_layer1 has 0 frames in his Queue on destruction
[2025-09-13 12:36:34.603] [28603] [HailoRT] [info] [vdevice.cpp:424] [listener_run_in_thread] Shutdown event was signaled in listener_run_in_thread
[2025-09-13 12:37:32.659] [28839] [HailoRT] [info] [device.cpp:49] [Device] OS Version: Linux 6.12.34+rpt-rpi-2712 #1 SMP PREEMPT Debian 1:6.12.34-1+rpt1~bookworm (2025-06-26) aarch64
[2025-09-13 12:37:32.661] [28839] [HailoRT] [info] [control.cpp:108] [control__parse_identify_results] firmware_version is: 4.20.0
[2025-09-13 12:37:32.662] [28839] [HailoRT] [info] [control.cpp:108] [control__parse_identify_results] firmware_version is: 4.20.0
[2025-09-13 12:37:32.728] [28839] [HailoRT] [info] [device.cpp:49] [Device] OS Version: Linux 6.12.34+rpt-rpi-2712 #1 SMP PREEMPT Debian 1:6.12.34-1+rpt1~bookworm (2025-06-26) aarch64
[2025-09-13 12:37:32.730] [28839] [HailoRT] [info] [control.cpp:108] [control__parse_identify_results] firmware_version is: 4.20.0
[2025-09-13 12:37:32.731] [28839] [HailoRT] [info] [control.cpp:108] [control__parse_identify_results] firmware_version is: 4.20.0
[2025-09-13 12:37:33.624] [28869] [HailoRT] [info] [device.cpp:49] [Device] OS Version: Linux 6.12.34+rpt-rpi-2712 #1 SMP PREEMPT Debian 1:6.12.34-1+rpt1~bookworm (2025-06-26) aarch64
[2025-09-13 12:37:33.626] [28869] [HailoRT] [info] [control.cpp:108] [control__parse_identify_results] firmware_version is: 4.20.0
[2025-09-13 12:37:33.627] [28869] [HailoRT] [info] [control.cpp:108] [control__parse_identify_results] firmware_version is: 4.20.0
[2025-09-13 12:37:33.656] [28869] [HailoRT] [info] [vdevice.cpp:523] [create] Creating vdevice with params: device_count: 1, scheduling_algorithm: ROUND_ROBIN, multi_process_service: true
[2025-09-13 12:37:34.675] [28869] [HailoRT] [info] [device.cpp:49] [Device] OS Version: Linux 6.12.34+rpt-rpi-2712 #1 SMP PREEMPT Debian 1:6.12.34-1+rpt1~bookworm (2025-06-26) aarch64
[2025-09-13 12:37:34.677] [28869] [HailoRT] [info] [control.cpp:108] [control__parse_identify_results] firmware_version is: 4.20.0
[2025-09-13 12:37:34.767] [28869] [HailoRT] [info] [hef.cpp:1929] [get_network_group_and_network_name] No name was given. Addressing all networks of default network_group: best_v8
[2025-09-13 12:37:34.767] [28869] [HailoRT] [info] [hef.cpp:1929] [get_network_group_and_network_name] No name was given. Addressing all networks of default network_group: best_v8
[2025-09-13 12:37:34.991] [28869] [HailoRT] [info] [infer_model.cpp:436] [configure] Configuring network group 'best_v8' with params: batch size: 1, power mode: ULTRA_PERFORMANCE, latency: NONE
[2025-09-13 12:37:34.992] [28869] [HailoRT] [info] [multi_io_elements.cpp:756] [create] Created (AsyncHwEl)
[2025-09-13 12:37:34.992] [28869] [HailoRT] [info] [queue_elements.cpp:450] [create] Created (EntryPushQEl0best_v8/input_layer1 | timeout: 10s)
[2025-09-13 12:37:34.992] [28869] [HailoRT] [info] [filter_elements.cpp:101] [create] Created (PreInferEl7best_v8/input_layer1 | Reorder - src_order: NHWC, src_shape: (640, 640, 3), dst_order: NHCW, dst_shape: (640, 640, 3))
[2025-09-13 12:37:34.992] [28869] [HailoRT] [info] [queue_elements.cpp:450] [create] Created (PushQEl7best_v8/input_layer1 | timeout: 10s)
[2025-09-13 12:37:34.993] [28869] [HailoRT] [info] [multi_io_elements.cpp:135] [create] Created (NmsPPMuxEl0YOLOV8-Post-Process | Op YOLOV8, Name: YOLOV8-Post-Process, Score threshold: 0.300, IoU threshold: 0.60, Classes: 4, Cross classes: false, NMS results order: BY_CLASS, Max bboxes per class: 100, Image height: 640, Image width: 640)
[2025-09-13 12:37:34.993] [28869] [HailoRT] [info] [queue_elements.cpp:942] [create] Created (MultiPushQEl0YOLOV8-Post-Process | timeout: 10s)
[2025-09-13 12:37:34.993] [28869] [HailoRT] [info] [edge_elements.cpp:187] [create] Created (LastAsyncEl0NmsPPMuxEl0YOLOV8-Post-Process)
[2025-09-13 12:37:34.993] [28869] [HailoRT] [info] [pipeline.cpp:891] [print_deep_description] EntryPushQEl0best_v8/input_layer1 | inputs: user | outputs: PreInferEl7best_v8/input_layer1(running in thread_id: 28939)
[2025-09-13 12:37:34.993] [28869] [HailoRT] [info] [pipeline.cpp:891] [print_deep_description] PreInferEl7best_v8/input_layer1 | inputs: EntryPushQEl0best_v8/input_layer1[0] | outputs: PushQEl7best_v8/input_layer1
[2025-09-13 12:37:34.993] [28869] [HailoRT] [info] [pipeline.cpp:891] [print_deep_description] PushQEl7best_v8/input_layer1 | inputs: PreInferEl7best_v8/input_layer1[0] | outputs: AsyncHwEl(running in thread_id: 28940)
[2025-09-13 12:37:34.994] [28869] [HailoRT] [info] [pipeline.cpp:891] [print_deep_description] AsyncHwEl | inputs: PushQEl7best_v8/input_layer1[0] | outputs: MultiPushQEl0YOLOV8-Post-Process MultiPushQEl0YOLOV8-Post-Process MultiPushQEl0YOLOV8-Post-Process MultiPushQEl0YOLOV8-Post-Process MultiPushQEl0YOLOV8-Post-Process MultiPushQEl0YOLOV8-Post-Process
[2025-09-13 12:37:34.994] [28869] [HailoRT] [info] [pipeline.cpp:891] [print_deep_description] MultiPushQEl0YOLOV8-Post-Process | inputs: AsyncHwEl[0] AsyncHwEl[1] AsyncHwEl[2] AsyncHwEl[3] AsyncHwEl[4] AsyncHwEl[5] | outputs: NmsPPMuxEl0YOLOV8-Post-Process(running in thread_id: 28941)
[2025-09-13 12:37:34.994] [28869] [HailoRT] [info] [pipeline.cpp:891] [print_deep_description] NmsPPMuxEl0YOLOV8-Post-Process | inputs: MultiPushQEl0YOLOV8-Post-Process[0] | outputs: LastAsyncEl0NmsPPMuxEl0YOLOV8-Post-Process
[2025-09-13 12:37:34.994] [28869] [HailoRT] [info] [pipeline.cpp:891] [print_deep_description] LastAsyncEl0NmsPPMuxEl0YOLOV8-Post-Process | inputs: NmsPPMuxEl0YOLOV8-Post-Process[0] | outputs: user
[2025-09-13 12:37:34.994] [28869] [HailoRT] [info] [hef.cpp:1929] [get_network_group_and_network_name] No name was given. Addressing all networks of default network_group: best_v8
[2025-09-13 12:37:34.994] [28869] [HailoRT] [info] [hef.cpp:1929] [get_network_group_and_network_name] No name was given. Addressing all networks of default network_group: best_v8
[2025-09-13 12:37:49.277] [28839] [HailoRT] [info] [async_infer_runner.cpp:86] [shutdown] Pipeline was aborted. Shutting it down
[2025-09-13 12:37:49.279] [28839] [HailoRT] [info] [queue_elements.cpp:1131] [execute_deactivate] enqueue() in element MultiPushQEl0YOLOV8-Post-Process was aborted, got status = HAILO_SHUTDOWN_EVENT_SIGNALED(57)
[2025-09-13 12:37:49.279] [28839] [HailoRT] [info] [queue_elements.cpp:1131] [execute_deactivate] enqueue() in element MultiPushQEl0YOLOV8-Post-Process was aborted, got status = HAILO_SHUTDOWN_EVENT_SIGNALED(57)
[2025-09-13 12:37:49.279] [28839] [HailoRT] [info] [queue_elements.cpp:1131] [execute_deactivate] enqueue() in element MultiPushQEl0YOLOV8-Post-Process was aborted, got status = HAILO_SHUTDOWN_EVENT_SIGNALED(57)
[2025-09-13 12:37:49.279] [28839] [HailoRT] [info] [queue_elements.cpp:1131] [execute_deactivate] enqueue() in element MultiPushQEl0YOLOV8-Post-Process was aborted, got status = HAILO_SHUTDOWN_EVENT_SIGNALED(57)
[2025-09-13 12:37:49.279] [28839] [HailoRT] [info] [queue_elements.cpp:1131] [execute_deactivate] enqueue() in element MultiPushQEl0YOLOV8-Post-Process was aborted, got status = HAILO_SHUTDOWN_EVENT_SIGNALED(57)
[2025-09-13 12:37:49.279] [28839] [HailoRT] [info] [queue_elements.cpp:1131] [execute_deactivate] enqueue() in element MultiPushQEl0YOLOV8-Post-Process was aborted, got status = HAILO_SHUTDOWN_EVENT_SIGNALED(57)
[2025-09-13 12:37:49.279] [28839] [HailoRT] [info] [queue_elements.cpp:570] [execute_deactivate] enqueue() in element PushQEl7best_v8/input_layer1 was aborted, got status = HAILO_SHUTDOWN_EVENT_SIGNALED(57)
[2025-09-13 12:37:49.279] [28839] [HailoRT] [info] [queue_elements.cpp:570] [execute_deactivate] enqueue() in element EntryPushQEl0best_v8/input_layer1 was aborted, got status = HAILO_SHUTDOWN_EVENT_SIGNALED(57)
[2025-09-13 12:37:49.279] [28839] [HailoRT] [info] [queue_elements.cpp:46] [~BaseQueueElement] Queue element EntryPushQEl0best_v8/input_layer1 has 0 frames in his Queue on destruction
[2025-09-13 12:37:49.279] [28839] [HailoRT] [info] [queue_elements.cpp:46] [~BaseQueueElement] Queue element PushQEl7best_v8/input_layer1 has 0 frames in his Queue on destruction
[2025-09-13 12:37:49.282] [28937] [HailoRT] [info] [vdevice.cpp:424] [listener_run_in_thread] Shutdown event was signaled in listener_run_in_thread
[2025-09-13 12:38:57.446] [29225] [HailoRT] [info] [device.cpp:49] [Device] OS Version: Linux 6.12.34+rpt-rpi-2712 #1 SMP PREEMPT Debian 1:6.12.34-1+rpt1~bookworm (2025-06-26) aarch64
[2025-09-13 12:38:57.447] [29225] [HailoRT] [info] [control.cpp:108] [control__parse_identify_results] firmware_version is: 4.20.0
[2025-09-13 12:38:57.449] [29225] [HailoRT] [info] [control.cpp:108] [control__parse_identify_results] firmware_version is: 4.20.0
[2025-09-13 12:38:57.532] [29225] [HailoRT] [info] [device.cpp:49] [Device] OS Version: Linux 6.12.34+rpt-rpi-2712 #1 SMP PREEMPT Debian 1:6.12.34-1+rpt1~bookworm (2025-06-26) aarch64
[2025-09-13 12:38:57.533] [29225] [HailoRT] [info] [control.cpp:108] [control__parse_identify_results] firmware_version is: 4.20.0
[2025-09-13 12:38:57.534] [29225] [HailoRT] [info] [control.cpp:108] [control__parse_identify_results] firmware_version is: 4.20.0
[2025-09-13 12:39:42.475] [29458] [HailoRT] [info] [device.cpp:49] [Device] OS Version: Linux 6.12.34+rpt-rpi-2712 #1 SMP PREEMPT Debian 1:6.12.34-1+rpt1~bookworm (2025-06-26) aarch64
[2025-09-13 12:39:42.477] [29458] [HailoRT] [info] [control.cpp:108] [control__parse_identify_results] firmware_version is: 4.20.0
[2025-09-13 12:39:42.479] [29458] [HailoRT] [info] [control.cpp:108] [control__parse_identify_results] firmware_version is: 4.20.0
[2025-09-13 12:39:42.550] [29458] [HailoRT] [info] [device.cpp:49] [Device] OS Version: Linux 6.12.34+rpt-rpi-2712 #1 SMP PREEMPT Debian 1:6.12.34-1+rpt1~bookworm (2025-06-26) aarch64
[2025-09-13 12:39:42.551] [29458] [HailoRT] [info] [control.cpp:108] [control__parse_identify_results] firmware_version is: 4.20.0
[2025-09-13 12:39:42.553] [29458] [HailoRT] [info] [control.cpp:108] [control__parse_identify_results] firmware_version is: 4.20.0
[2025-09-13 12:39:50.540] [29504] [HailoRT] [info] [device.cpp:49] [Device] OS Version: Linux 6.12.34+rpt-rpi-2712 #1 SMP PREEMPT Debian 1:6.12.34-1+rpt1~bookworm (2025-06-26) aarch64
[2025-09-13 12:39:50.542] [29504] [HailoRT] [info] [control.cpp:108] [control__parse_identify_results] firmware_version is: 4.20.0
[2025-09-13 12:39:50.543] [29504] [HailoRT] [info] [control.cpp:108] [control__parse_identify_results] firmware_version is: 4.20.0
[2025-09-13 12:39:50.584] [29504] [HailoRT] [info] [vdevice.cpp:523] [create] Creating vdevice with params: device_count: 1, scheduling_algorithm: ROUND_ROBIN, multi_process_service: true
[2025-09-13 12:39:51.602] [29504] [HailoRT] [info] [device.cpp:49] [Device] OS Version: Linux 6.12.34+rpt-rpi-2712 #1 SMP PREEMPT Debian 1:6.12.34-1+rpt1~bookworm (2025-06-26) aarch64
[2025-09-13 12:39:51.603] [29504] [HailoRT] [info] [control.cpp:108] [control__parse_identify_results] firmware_version is: 4.20.0
[2025-09-13 12:39:51.687] [29504] [HailoRT] [info] [hef.cpp:1929] [get_network_group_and_network_name] No name was given. Addressing all networks of default network_group: best_v8
[2025-09-13 12:39:51.687] [29504] [HailoRT] [info] [hef.cpp:1929] [get_network_group_and_network_name] No name was given. Addressing all networks of default network_group: best_v8
[2025-09-13 12:39:51.901] [29504] [HailoRT] [info] [infer_model.cpp:436] [configure] Configuring network group 'best_v8' with params: batch size: 1, power mode: ULTRA_PERFORMANCE, latency: NONE
[2025-09-13 12:39:51.902] [29504] [HailoRT] [info] [multi_io_elements.cpp:756] [create] Created (AsyncHwEl)
[2025-09-13 12:39:51.902] [29504] [HailoRT] [info] [queue_elements.cpp:450] [create] Created (EntryPushQEl0best_v8/input_layer1 | timeout: 10s)
[2025-09-13 12:39:51.902] [29504] [HailoRT] [info] [filter_elements.cpp:101] [create] Created (PreInferEl7best_v8/input_layer1 | Reorder - src_order: NHWC, src_shape: (640, 640, 3), dst_order: NHCW, dst_shape: (640, 640, 3))
[2025-09-13 12:39:51.902] [29504] [HailoRT] [info] [queue_elements.cpp:450] [create] Created (PushQEl7best_v8/input_layer1 | timeout: 10s)
[2025-09-13 12:39:51.903] [29504] [HailoRT] [info] [multi_io_elements.cpp:135] [create] Created (NmsPPMuxEl0YOLOV8-Post-Process | Op YOLOV8, Name: YOLOV8-Post-Process, Score threshold: 0.300, IoU threshold: 0.60, Classes: 4, Cross classes: false, NMS results order: BY_CLASS, Max bboxes per class: 100, Image height: 640, Image width: 640)
[2025-09-13 12:39:51.904] [29504] [HailoRT] [info] [queue_elements.cpp:942] [create] Created (MultiPushQEl0YOLOV8-Post-Process | timeout: 10s)
[2025-09-13 12:39:51.904] [29504] [HailoRT] [info] [edge_elements.cpp:187] [create] Created (LastAsyncEl0NmsPPMuxEl0YOLOV8-Post-Process)
[2025-09-13 12:39:51.904] [29504] [HailoRT] [info] [pipeline.cpp:891] [print_deep_description] EntryPushQEl0best_v8/input_layer1 | inputs: user | outputs: PreInferEl7best_v8/input_layer1(running in thread_id: 29616)
[2025-09-13 12:39:51.904] [29504] [HailoRT] [info] [pipeline.cpp:891] [print_deep_description] PreInferEl7best_v8/input_layer1 | inputs: EntryPushQEl0best_v8/input_layer1[0] | outputs: PushQEl7best_v8/input_layer1
[2025-09-13 12:39:51.904] [29504] [HailoRT] [info] [pipeline.cpp:891] [print_deep_description] PushQEl7best_v8/input_layer1 | inputs: PreInferEl7best_v8/input_layer1[0] | outputs: AsyncHwEl(running in thread_id: 29617)
[2025-09-13 12:39:51.904] [29504] [HailoRT] [info] [pipeline.cpp:891] [print_deep_description] AsyncHwEl | inputs: PushQEl7best_v8/input_layer1[0] | outputs: MultiPushQEl0YOLOV8-Post-Process MultiPushQEl0YOLOV8-Post-Process MultiPushQEl0YOLOV8-Post-Process MultiPushQEl0YOLOV8-Post-Process MultiPushQEl0YOLOV8-Post-Process MultiPushQEl0YOLOV8-Post-Process
[2025-09-13 12:39:51.904] [29504] [HailoRT] [info] [pipeline.cpp:891] [print_deep_description] MultiPushQEl0YOLOV8-Post-Process | inputs: AsyncHwEl[0] AsyncHwEl[1] AsyncHwEl[2] AsyncHwEl[3] AsyncHwEl[4] AsyncHwEl[5] | outputs: NmsPPMuxEl0YOLOV8-Post-Process(running in thread_id: 29618)
[2025-09-13 12:39:51.904] [29504] [HailoRT] [info] [pipeline.cpp:891] [print_deep_description] NmsPPMuxEl0YOLOV8-Post-Process | inputs: MultiPushQEl0YOLOV8-Post-Process[0] | outputs: LastAsyncEl0NmsPPMuxEl0YOLOV8-Post-Process
[2025-09-13 12:39:51.904] [29504] [HailoRT] [info] [pipeline.cpp:891] [print_deep_description] LastAsyncEl0NmsPPMuxEl0YOLOV8-Post-Process | inputs: NmsPPMuxEl0YOLOV8-Post-Process[0] | outputs: user
[2025-09-13 12:39:51.905] [29504] [HailoRT] [info] [hef.cpp:1929] [get_network_group_and_network_name] No name was given. Addressing all networks of default network_group: best_v8
[2025-09-13 12:39:51.905] [29504] [HailoRT] [info] [hef.cpp:1929] [get_network_group_and_network_name] No name was given. Addressing all networks of default network_group: best_v8
[2025-09-13 12:40:20.173] [29458] [HailoRT] [info] [async_infer_runner.cpp:86] [shutdown] Pipeline was aborted. Shutting it down
[2025-09-13 12:40:20.175] [29458] [HailoRT] [info] [queue_elements.cpp:1131] [execute_deactivate] enqueue() in element MultiPushQEl0YOLOV8-Post-Process was aborted, got status = HAILO_SHUTDOWN_EVENT_SIGNALED(57)
[2025-09-13 12:40:20.175] [29458] [HailoRT] [info] [queue_elements.cpp:1131] [execute_deactivate] enqueue() in element MultiPushQEl0YOLOV8-Post-Process was aborted, got status = HAILO_SHUTDOWN_EVENT_SIGNALED(57)
[2025-09-13 12:40:20.175] [29458] [HailoRT] [info] [queue_elements.cpp:1131] [execute_deactivate] enqueue() in element MultiPushQEl0YOLOV8-Post-Process was aborted, got status = HAILO_SHUTDOWN_EVENT_SIGNALED(57)
[2025-09-13 12:40:20.175] [29458] [HailoRT] [info] [queue_elements.cpp:1131] [execute_deactivate] enqueue() in element MultiPushQEl0YOLOV8-Post-Process was aborted, got status = HAILO_SHUTDOWN_EVENT_SIGNALED(57)
[2025-09-13 12:40:20.175] [29458] [HailoRT] [info] [queue_elements.cpp:1131] [execute_deactivate] enqueue() in element MultiPushQEl0YOLOV8-Post-Process was aborted, got status = HAILO_SHUTDOWN_EVENT_SIGNALED(57)
[2025-09-13 12:40:20.175] [29458] [HailoRT] [info] [queue_elements.cpp:1131] [execute_deactivate] enqueue() in element MultiPushQEl0YOLOV8-Post-Process was aborted, got status = HAILO_SHUTDOWN_EVENT_SIGNALED(57)
[2025-09-13 12:40:20.175] [29458] [HailoRT] [info] [queue_elements.cpp:570] [execute_deactivate] enqueue() in element PushQEl7best_v8/input_layer1 was aborted, got status = HAILO_SHUTDOWN_EVENT_SIGNALED(57)
[2025-09-13 12:40:20.175] [29458] [HailoRT] [info] [queue_elements.cpp:570] [execute_deactivate] enqueue() in element EntryPushQEl0best_v8/input_layer1 was aborted, got status = HAILO_SHUTDOWN_EVENT_SIGNALED(57)
[2025-09-13 12:40:20.175] [29458] [HailoRT] [info] [queue_elements.cpp:46] [~BaseQueueElement] Queue element EntryPushQEl0best_v8/input_layer1 has 0 frames in his Queue on destruction
[2025-09-13 12:40:20.175] [29458] [HailoRT] [info] [queue_elements.cpp:46] [~BaseQueueElement] Queue element PushQEl7best_v8/input_layer1 has 0 frames in his Queue on destruction
[2025-09-13 12:40:20.176] [29614] [HailoRT] [info] [vdevice.cpp:424] [listener_run_in_thread] Shutdown event was signaled in listener_run_in_thread
[2025-09-13 12:40:51.496] [29852] [HailoRT] [info] [device.cpp:49] [Device] OS Version: Linux 6.12.34+rpt-rpi-2712 #1 SMP PREEMPT Debian 1:6.12.34-1+rpt1~bookworm (2025-06-26) aarch64
[2025-09-13 12:40:51.498] [29852] [HailoRT] [info] [control.cpp:108] [control__parse_identify_results] firmware_version is: 4.20.0
[2025-09-13 12:40:51.499] [29852] [HailoRT] [info] [control.cpp:108] [control__parse_identify_results] firmware_version is: 4.20.0
[2025-09-13 12:40:51.578] [29852] [HailoRT] [info] [device.cpp:49] [Device] OS Version: Linux 6.12.34+rpt-rpi-2712 #1 SMP PREEMPT Debian 1:6.12.34-1+rpt1~bookworm (2025-06-26) aarch64
[2025-09-13 12:40:51.580] [29852] [HailoRT] [info] [control.cpp:108] [control__parse_identify_results] firmware_version is: 4.20.0
[2025-09-13 12:40:51.581] [29852] [HailoRT] [info] [control.cpp:108] [control__parse_identify_results] firmware_version is: 4.20.0
[2025-09-13 12:40:58.382] [29922] [HailoRT] [info] [device.cpp:49] [Device] OS Version: Linux 6.12.34+rpt-rpi-2712 #1 SMP PREEMPT Debian 1:6.12.34-1+rpt1~bookworm (2025-06-26) aarch64
[2025-09-13 12:40:58.385] [29922] [HailoRT] [info] [control.cpp:108] [control__parse_identify_results] firmware_version is: 4.20.0
[2025-09-13 12:40:58.387] [29922] [HailoRT] [info] [control.cpp:108] [control__parse_identify_results] firmware_version is: 4.20.0
[2025-09-13 12:40:58.420] [29922] [HailoRT] [info] [vdevice.cpp:523] [create] Creating vdevice with params: device_count: 1, scheduling_algorithm: ROUND_ROBIN, multi_process_service: true
[2025-09-13 12:40:59.441] [29922] [HailoRT] [info] [device.cpp:49] [Device] OS Version: Linux 6.12.34+rpt-rpi-2712 #1 SMP PREEMPT Debian 1:6.12.34-1+rpt1~bookworm (2025-06-26) aarch64
[2025-09-13 12:40:59.443] [29922] [HailoRT] [info] [control.cpp:108] [control__parse_identify_results] firmware_version is: 4.20.0
[2025-09-13 12:40:59.543] [29922] [HailoRT] [info] [hef.cpp:1929] [get_network_group_and_network_name] No name was given. Addressing all networks of default network_group: best_v8
[2025-09-13 12:40:59.543] [29922] [HailoRT] [info] [hef.cpp:1929] [get_network_group_and_network_name] No name was given. Addressing all networks of default network_group: best_v8
[2025-09-13 12:40:59.751] [29922] [HailoRT] [info] [infer_model.cpp:436] [configure] Configuring network group 'best_v8' with params: batch size: 1, power mode: ULTRA_PERFORMANCE, latency: NONE
[2025-09-13 12:40:59.754] [29922] [HailoRT] [info] [multi_io_elements.cpp:756] [create] Created (AsyncHwEl)
[2025-09-13 12:40:59.758] [29922] [HailoRT] [info] [queue_elements.cpp:450] [create] Created (EntryPushQEl0best_v8/input_layer1 | timeout: 10s)
[2025-09-13 12:40:59.758] [29922] [HailoRT] [info] [filter_elements.cpp:101] [create] Created (PreInferEl7best_v8/input_layer1 | Reorder - src_order: NHWC, src_shape: (640, 640, 3), dst_order: NHCW, dst_shape: (640, 640, 3))
[2025-09-13 12:40:59.759] [29922] [HailoRT] [info] [queue_elements.cpp:450] [create] Created (PushQEl7best_v8/input_layer1 | timeout: 10s)
[2025-09-13 12:40:59.761] [29922] [HailoRT] [info] [multi_io_elements.cpp:135] [create] Created (NmsPPMuxEl0YOLOV8-Post-Process | Op YOLOV8, Name: YOLOV8-Post-Process, Score threshold: 0.300, IoU threshold: 0.60, Classes: 4, Cross classes: false, NMS results order: BY_CLASS, Max bboxes per class: 100, Image height: 640, Image width: 640)
[2025-09-13 12:40:59.762] [29922] [HailoRT] [info] [queue_elements.cpp:942] [create] Created (MultiPushQEl0YOLOV8-Post-Process | timeout: 10s)
[2025-09-13 12:40:59.762] [29922] [HailoRT] [info] [edge_elements.cpp:187] [create] Created (LastAsyncEl0NmsPPMuxEl0YOLOV8-Post-Process)
[2025-09-13 12:40:59.762] [29922] [HailoRT] [info] [pipeline.cpp:891] [print_deep_description] EntryPushQEl0best_v8/input_layer1 | inputs: user | outputs: PreInferEl7best_v8/input_layer1(running in thread_id: 29996)
[2025-09-13 12:40:59.762] [29922] [HailoRT] [info] [pipeline.cpp:891] [print_deep_description] PreInferEl7best_v8/input_layer1 | inputs: EntryPushQEl0best_v8/input_layer1[0] | outputs: PushQEl7best_v8/input_layer1
[2025-09-13 12:40:59.762] [29922] [HailoRT] [info] [pipeline.cpp:891] [print_deep_description] PushQEl7best_v8/input_layer1 | inputs: PreInferEl7best_v8/input_layer1[0] | outputs: AsyncHwEl(running in thread_id: 29997)
[2025-09-13 12:40:59.762] [29922] [HailoRT] [info] [pipeline.cpp:891] [print_deep_description] AsyncHwEl | inputs: PushQEl7best_v8/input_layer1[0] | outputs: MultiPushQEl0YOLOV8-Post-Process MultiPushQEl0YOLOV8-Post-Process MultiPushQEl0YOLOV8-Post-Process MultiPushQEl0YOLOV8-Post-Process MultiPushQEl0YOLOV8-Post-Process MultiPushQEl0YOLOV8-Post-Process
[2025-09-13 12:40:59.762] [29922] [HailoRT] [info] [pipeline.cpp:891] [print_deep_description] MultiPushQEl0YOLOV8-Post-Process | inputs: AsyncHwEl[0] AsyncHwEl[1] AsyncHwEl[2] AsyncHwEl[3] AsyncHwEl[4] AsyncHwEl[5] | outputs: NmsPPMuxEl0YOLOV8-Post-Process(running in thread_id: 29999)
[2025-09-13 12:40:59.762] [29922] [HailoRT] [info] [pipeline.cpp:891] [print_deep_description] NmsPPMuxEl0YOLOV8-Post-Process | inputs: MultiPushQEl0YOLOV8-Post-Process[0] | outputs: LastAsyncEl0NmsPPMuxEl0YOLOV8-Post-Process
[2025-09-13 12:40:59.762] [29922] [HailoRT] [info] [pipeline.cpp:891] [print_deep_description] LastAsyncEl0NmsPPMuxEl0YOLOV8-Post-Process | inputs: NmsPPMuxEl0YOLOV8-Post-Process[0] | outputs: user
[2025-09-13 12:40:59.763] [29922] [HailoRT] [info] [hef.cpp:1929] [get_network_group_and_network_name] No name was given. Addressing all networks of default network_group: best_v8
[2025-09-13 12:40:59.763] [29922] [HailoRT] [info] [hef.cpp:1929] [get_network_group_and_network_name] No name was given. Addressing all networks of default network_group: best_v8
[2025-09-13 12:43:58.616] [30383] [HailoRT] [info] [device.cpp:49] [Device] OS Version: Linux 6.12.34+rpt-rpi-2712 #1 SMP PREEMPT Debian 1:6.12.34-1+rpt1~bookworm (2025-06-26) aarch64
[2025-09-13 12:43:58.619] [30383] [HailoRT] [info] [control.cpp:108] [control__parse_identify_results] firmware_version is: 4.20.0
[2025-09-13 12:43:58.620] [30383] [HailoRT] [info] [control.cpp:108] [control__parse_identify_results] firmware_version is: 4.20.0
[2025-09-13 12:43:58.712] [30383] [HailoRT] [info] [device.cpp:49] [Device] OS Version: Linux 6.12.34+rpt-rpi-2712 #1 SMP PREEMPT Debian 1:6.12.34-1+rpt1~bookworm (2025-06-26) aarch64
[2025-09-13 12:43:58.714] [30383] [HailoRT] [info] [control.cpp:108] [control__parse_identify_results] firmware_version is: 4.20.0
[2025-09-13 12:43:58.715] [30383] [HailoRT] [info] [control.cpp:108] [control__parse_identify_results] firmware_version is: 4.20.0
[2025-09-13 12:45:00.727] [30628] [HailoRT] [info] [device.cpp:49] [Device] OS Version: Linux 6.12.34+rpt-rpi-2712 #1 SMP PREEMPT Debian 1:6.12.34-1+rpt1~bookworm (2025-06-26) aarch64
[2025-09-13 12:45:00.730] [30628] [HailoRT] [info] [control.cpp:108] [control__parse_identify_results] firmware_version is: 4.20.0
[2025-09-13 12:45:00.731] [30628] [HailoRT] [info] [control.cpp:108] [control__parse_identify_results] firmware_version is: 4.20.0
[2025-09-13 12:45:00.800] [30628] [HailoRT] [info] [device.cpp:49] [Device] OS Version: Linux 6.12.34+rpt-rpi-2712 #1 SMP PREEMPT Debian 1:6.12.34-1+rpt1~bookworm (2025-06-26) aarch64
[2025-09-13 12:45:00.802] [30628] [HailoRT] [info] [control.cpp:108] [control__parse_identify_results] firmware_version is: 4.20.0
[2025-09-13 12:45:00.803] [30628] [HailoRT] [info] [control.cpp:108] [control__parse_identify_results] firmware_version is: 4.20.0
[2025-09-13 12:50:52.432] [31510] [HailoRT] [info] [device.cpp:49] [Device] OS Version: Linux 6.12.34+rpt-rpi-2712 #1 SMP PREEMPT Debian 1:6.12.34-1+rpt1~bookworm (2025-06-26) aarch64
[2025-09-13 12:50:52.434] [31510] [HailoRT] [info] [control.cpp:108] [control__parse_identify_results] firmware_version is: 4.20.0
[2025-09-13 12:50:52.436] [31510] [HailoRT] [info] [control.cpp:108] [control__parse_identify_results] firmware_version is: 4.20.0
[2025-09-13 12:50:52.514] [31510] [HailoRT] [info] [device.cpp:49] [Device] OS Version: Linux 6.12.34+rpt-rpi-2712 #1 SMP PREEMPT Debian 1:6.12.34-1+rpt1~bookworm (2025-06-26) aarch64
[2025-09-13 12:50:52.517] [31510] [HailoRT] [info] [control.cpp:108] [control__parse_identify_results] firmware_version is: 4.20.0
[2025-09-13 12:50:52.518] [31510] [HailoRT] [info] [control.cpp:108] [control__parse_identify_results] firmware_version is: 4.20.0
[2025-09-13 12:51:27.098] [31693] [HailoRT] [info] [device.cpp:49] [Device] OS Version: Linux 6.12.34+rpt-rpi-2712 #1 SMP PREEMPT Debian 1:6.12.34-1+rpt1~bookworm (2025-06-26) aarch64
[2025-09-13 12:51:27.103] [31693] [HailoRT] [info] [control.cpp:108] [control__parse_identify_results] firmware_version is: 4.20.0
[2025-09-13 12:51:27.105] [31693] [HailoRT] [info] [control.cpp:108] [control__parse_identify_results] firmware_version is: 4.20.0
[2025-09-13 12:51:27.200] [31693] [HailoRT] [info] [device.cpp:49] [Device] OS Version: Linux 6.12.34+rpt-rpi-2712 #1 SMP PREEMPT Debian 1:6.12.34-1+rpt1~bookworm (2025-06-26) aarch64
[2025-09-13 12:51:27.202] [31693] [HailoRT] [info] [control.cpp:108] [control__parse_identify_results] firmware_version is: 4.20.0
[2025-09-13 12:51:27.203] [31693] [HailoRT] [info] [control.cpp:108] [control__parse_identify_results] firmware_version is: 4.20.0
[2025-09-13 12:53:43.019] [32103] [HailoRT] [info] [device.cpp:49] [Device] OS Version: Linux 6.12.34+rpt-rpi-2712 #1 SMP PREEMPT Debian 1:6.12.34-1+rpt1~bookworm (2025-06-26) aarch64
[2025-09-13 12:53:43.022] [32103] [HailoRT] [info] [control.cpp:108] [control__parse_identify_results] firmware_version is: 4.20.0
[2025-09-13 12:53:43.024] [32103] [HailoRT] [info] [control.cpp:108] [control__parse_identify_results] firmware_version is: 4.20.0
[2025-09-13 12:53:43.156] [32103] [HailoRT] [info] [device.cpp:49] [Device] OS Version: Linux 6.12.34+rpt-rpi-2712 #1 SMP PREEMPT Debian 1:6.12.34-1+rpt1~bookworm (2025-06-26) aarch64
[2025-09-13 12:53:43.158] [32103] [HailoRT] [info] [control.cpp:108] [control__parse_identify_results] firmware_version is: 4.20.0
[2025-09-13 12:53:43.159] [32103] [HailoRT] [info] [control.cpp:108] [control__parse_identify_results] firmware_version is: 4.20.0
[2025-09-13 12:54:12.556] [32286] [HailoRT] [info] [device.cpp:49] [Device] OS Version: Linux 6.12.34+rpt-rpi-2712 #1 SMP PREEMPT Debian 1:6.12.34-1+rpt1~bookworm (2025-06-26) aarch64
[2025-09-13 12:54:12.558] [32286] [HailoRT] [info] [control.cpp:108] [control__parse_identify_results] firmware_version is: 4.20.0
[2025-09-13 12:54:12.559] [32286] [HailoRT] [info] [control.cpp:108] [control__parse_identify_results] firmware_version is: 4.20.0
[2025-09-13 12:54:12.631] [32286] [HailoRT] [info] [device.cpp:49] [Device] OS Version: Linux 6.12.34+rpt-rpi-2712 #1 SMP PREEMPT Debian 1:6.12.34-1+rpt1~bookworm (2025-06-26) aarch64
[2025-09-13 12:54:12.634] [32286] [HailoRT] [info] [control.cpp:108] [control__parse_identify_results] firmware_version is: 4.20.0
[2025-09-13 12:54:12.640] [32286] [HailoRT] [info] [control.cpp:108] [control__parse_identify_results] firmware_version is: 4.20.0
[2025-09-13 12:54:55.736] [32499] [HailoRT] [info] [device.cpp:49] [Device] OS Version: Linux 6.12.34+rpt-rpi-2712 #1 SMP PREEMPT Debian 1:6.12.34-1+rpt1~bookworm (2025-06-26) aarch64
[2025-09-13 12:54:55.738] [32499] [HailoRT] [info] [control.cpp:108] [control__parse_identify_results] firmware_version is: 4.20.0
[2025-09-13 12:54:55.739] [32499] [HailoRT] [info] [control.cpp:108] [control__parse_identify_results] firmware_version is: 4.20.0
[2025-09-13 12:54:55.811] [32499] [HailoRT] [info] [device.cpp:49] [Device] OS Version: Linux 6.12.34+rpt-rpi-2712 #1 SMP PREEMPT Debian 1:6.12.34-1+rpt1~bookworm (2025-06-26) aarch64
[2025-09-13 12:54:55.812] [32499] [HailoRT] [info] [control.cpp:108] [control__parse_identify_results] firmware_version is: 4.20.0
[2025-09-13 12:54:55.813] [32499] [HailoRT] [info] [control.cpp:108] [control__parse_identify_results] firmware_version is: 4.20.0
[2025-09-13 13:00:34.456] [33307] [HailoRT] [info] [device.cpp:49] [Device] OS Version: Linux 6.12.34+rpt-rpi-2712 #1 SMP PREEMPT Debian 1:6.12.34-1+rpt1~bookworm (2025-06-26) aarch64
[2025-09-13 13:00:34.457] [33307] [HailoRT] [info] [control.cpp:108] [control__parse_identify_results] firmware_version is: 4.20.0
[2025-09-13 13:00:34.458] [33307] [HailoRT] [info] [control.cpp:108] [control__parse_identify_results] firmware_version is: 4.20.0
[2025-09-13 13:00:34.532] [33307] [HailoRT] [info] [device.cpp:49] [Device] OS Version: Linux 6.12.34+rpt-rpi-2712 #1 SMP PREEMPT Debian 1:6.12.34-1+rpt1~bookworm (2025-06-26) aarch64
[2025-09-13 13:00:34.534] [33307] [HailoRT] [info] [control.cpp:108] [control__parse_identify_results] firmware_version is: 4.20.0
[2025-09-13 13:00:34.535] [33307] [HailoRT] [info] [control.cpp:108] [control__parse_identify_results] firmware_version is: 4.20.0
[2025-09-13 13:01:45.584] [33565] [HailoRT] [info] [device.cpp:49] [Device] OS Version: Linux 6.12.34+rpt-rpi-2712 #1 SMP PREEMPT Debian 1:6.12.34-1+rpt1~bookworm (2025-06-26) aarch64
[2025-09-13 13:01:45.586] [33565] [HailoRT] [info] [control.cpp:108] [control__parse_identify_results] firmware_version is: 4.20.0
[2025-09-13 13:01:45.587] [33565] [HailoRT] [info] [control.cpp:108] [control__parse_identify_results] firmware_version is: 4.20.0
[2025-09-13 13:01:45.662] [33565] [HailoRT] [info] [device.cpp:49] [Device] OS Version: Linux 6.12.34+rpt-rpi-2712 #1 SMP PREEMPT Debian 1:6.12.34-1+rpt1~bookworm (2025-06-26) aarch64
[2025-09-13 13:01:45.663] [33565] [HailoRT] [info] [control.cpp:108] [control__parse_identify_results] firmware_version is: 4.20.0
[2025-09-13 13:01:45.664] [33565] [HailoRT] [info] [control.cpp:108] [control__parse_identify_results] firmware_version is: 4.20.0
[2025-09-13 13:03:51.060] [33948] [HailoRT] [info] [device.cpp:49] [Device] OS Version: Linux 6.12.34+rpt-rpi-2712 #1 SMP PREEMPT Debian 1:6.12.34-1+rpt1~bookworm (2025-06-26) aarch64
[2025-09-13 13:03:51.061] [33948] [HailoRT] [info] [control.cpp:108] [control__parse_identify_results] firmware_version is: 4.20.0
[2025-09-13 13:03:51.062] [33948] [HailoRT] [info] [control.cpp:108] [control__parse_identify_results] firmware_version is: 4.20.0
[2025-09-13 13:03:51.121] [33948] [HailoRT] [info] [device.cpp:49] [Device] OS Version: Linux 6.12.34+rpt-rpi-2712 #1 SMP PREEMPT Debian 1:6.12.34-1+rpt1~bookworm (2025-06-26) aarch64
[2025-09-13 13:03:51.122] [33948] [HailoRT] [info] [control.cpp:108] [control__parse_identify_results] firmware_version is: 4.20.0
[2025-09-13 13:03:51.123] [33948] [HailoRT] [info] [control.cpp:108] [control__parse_identify_results] firmware_version is: 4.20.0
[2025-09-13 13:04:39.716] [34093] [HailoRT] [info] [device.cpp:49] [Device] OS Version: Linux 6.12.34+rpt-rpi-2712 #1 SMP PREEMPT Debian 1:6.12.34-1+rpt1~bookworm (2025-06-26) aarch64
[2025-09-13 13:04:39.719] [34093] [HailoRT] [info] [control.cpp:108] [control__parse_identify_results] firmware_version is: 4.20.0
[2025-09-13 13:04:39.722] [34093] [HailoRT] [info] [control.cpp:108] [control__parse_identify_results] firmware_version is: 4.20.0
[2025-09-13 13:04:39.787] [34093] [HailoRT] [info] [device.cpp:49] [Device] OS Version: Linux 6.12.34+rpt-rpi-2712 #1 SMP PREEMPT Debian 1:6.12.34-1+rpt1~bookworm (2025-06-26) aarch64
[2025-09-13 13:04:39.788] [34093] [HailoRT] [info] [control.cpp:108] [control__parse_identify_results] firmware_version is: 4.20.0
[2025-09-13 13:04:39.789] [34093] [HailoRT] [info] [control.cpp:108] [control__parse_identify_results] firmware_version is: 4.20.0
[2025-09-13 13:05:57.064] [34456] [HailoRT] [info] [device.cpp:49] [Device] OS Version: Linux 6.12.34+rpt-rpi-2712 #1 SMP PREEMPT Debian 1:6.12.34-1+rpt1~bookworm (2025-06-26) aarch64
[2025-09-13 13:05:57.067] [34456] [HailoRT] [info] [control.cpp:108] [control__parse_identify_results] firmware_version is: 4.20.0
[2025-09-13 13:05:57.069] [34456] [HailoRT] [info] [control.cpp:108] [control__parse_identify_results] firmware_version is: 4.20.0
[2025-09-13 13:05:57.156] [34456] [HailoRT] [info] [device.cpp:49] [Device] OS Version: Linux 6.12.34+rpt-rpi-2712 #1 SMP PREEMPT Debian 1:6.12.34-1+rpt1~bookworm (2025-06-26) aarch64
[2025-09-13 13:05:57.157] [34456] [HailoRT] [info] [control.cpp:108] [control__parse_identify_results] firmware_version is: 4.20.0
[2025-09-13 13:05:57.158] [34456] [HailoRT] [info] [control.cpp:108] [control__parse_identify_results] firmware_version is: 4.20.0
[2025-09-13 13:06:04.772] [34513] [HailoRT] [info] [device.cpp:49] [Device] OS Version: Linux 6.12.34+rpt-rpi-2712 #1 SMP PREEMPT Debian 1:6.12.34-1+rpt1~bookworm (2025-06-26) aarch64
[2025-09-13 13:06:04.774] [34513] [HailoRT] [info] [control.cpp:108] [control__parse_identify_results] firmware_version is: 4.20.0
[2025-09-13 13:06:04.775] [34513] [HailoRT] [info] [control.cpp:108] [control__parse_identify_results] firmware_version is: 4.20.0
[2025-09-13 13:06:04.816] [34513] [HailoRT] [info] [vdevice.cpp:523] [create] Creating vdevice with params: device_count: 1, scheduling_algorithm: ROUND_ROBIN, multi_process_service: true
[2025-09-13 13:06:05.832] [34513] [HailoRT] [info] [device.cpp:49] [Device] OS Version: Linux 6.12.34+rpt-rpi-2712 #1 SMP PREEMPT Debian 1:6.12.34-1+rpt1~bookworm (2025-06-26) aarch64
[2025-09-13 13:06:05.833] [34513] [HailoRT] [info] [control.cpp:108] [control__parse_identify_results] firmware_version is: 4.20.0
[2025-09-13 13:06:05.905] [34513] [HailoRT] [info] [hef.cpp:1929] [get_network_group_and_network_name] No name was given. Addressing all networks of default network_group: best_v8
[2025-09-13 13:06:05.905] [34513] [HailoRT] [info] [hef.cpp:1929] [get_network_group_and_network_name] No name was given. Addressing all networks of default network_group: best_v8
[2025-09-13 13:06:06.197] [34513] [HailoRT] [info] [infer_model.cpp:436] [configure] Configuring network group 'best_v8' with params: batch size: 1, power mode: ULTRA_PERFORMANCE, latency: NONE
[2025-09-13 13:06:06.198] [34513] [HailoRT] [info] [multi_io_elements.cpp:756] [create] Created (AsyncHwEl)
[2025-09-13 13:06:06.199] [34513] [HailoRT] [info] [queue_elements.cpp:450] [create] Created (EntryPushQEl0best_v8/input_layer1 | timeout: 10s)
[2025-09-13 13:06:06.199] [34513] [HailoRT] [info] [filter_elements.cpp:101] [create] Created (PreInferEl7best_v8/input_layer1 | Reorder - src_order: NHWC, src_shape: (640, 640, 3), dst_order: NHCW, dst_shape: (640, 640, 3))
[2025-09-13 13:06:06.199] [34513] [HailoRT] [info] [queue_elements.cpp:450] [create] Created (PushQEl7best_v8/input_layer1 | timeout: 10s)
[2025-09-13 13:06:06.199] [34513] [HailoRT] [info] [multi_io_elements.cpp:135] [create] Created (NmsPPMuxEl0YOLOV8-Post-Process | Op YOLOV8, Name: YOLOV8-Post-Process, Score threshold: 0.300, IoU threshold: 0.60, Classes: 4, Cross classes: false, NMS results order: BY_CLASS, Max bboxes per class: 100, Image height: 640, Image width: 640)
[2025-09-13 13:06:06.200] [34513] [HailoRT] [info] [queue_elements.cpp:942] [create] Created (MultiPushQEl0YOLOV8-Post-Process | timeout: 10s)
[2025-09-13 13:06:06.200] [34513] [HailoRT] [info] [edge_elements.cpp:187] [create] Created (LastAsyncEl0NmsPPMuxEl0YOLOV8-Post-Process)
[2025-09-13 13:06:06.200] [34513] [HailoRT] [info] [pipeline.cpp:891] [print_deep_description] EntryPushQEl0best_v8/input_layer1 | inputs: user | outputs: PreInferEl7best_v8/input_layer1(running in thread_id: 34597)
[2025-09-13 13:06:06.200] [34513] [HailoRT] [info] [pipeline.cpp:891] [print_deep_description] PreInferEl7best_v8/input_layer1 | inputs: EntryPushQEl0best_v8/input_layer1[0] | outputs: PushQEl7best_v8/input_layer1
[2025-09-13 13:06:06.200] [34513] [HailoRT] [info] [pipeline.cpp:891] [print_deep_description] PushQEl7best_v8/input_layer1 | inputs: PreInferEl7best_v8/input_layer1[0] | outputs: AsyncHwEl(running in thread_id: 34598)
[2025-09-13 13:06:06.200] [34513] [HailoRT] [info] [pipeline.cpp:891] [print_deep_description] AsyncHwEl | inputs: PushQEl7best_v8/input_layer1[0] | outputs: MultiPushQEl0YOLOV8-Post-Process MultiPushQEl0YOLOV8-Post-Process MultiPushQEl0YOLOV8-Post-Process MultiPushQEl0YOLOV8-Post-Process MultiPushQEl0YOLOV8-Post-Process MultiPushQEl0YOLOV8-Post-Process
[2025-09-13 13:06:06.200] [34513] [HailoRT] [info] [pipeline.cpp:891] [print_deep_description] MultiPushQEl0YOLOV8-Post-Process | inputs: AsyncHwEl[0] AsyncHwEl[1] AsyncHwEl[2] AsyncHwEl[3] AsyncHwEl[4] AsyncHwEl[5] | outputs: NmsPPMuxEl0YOLOV8-Post-Process(running in thread_id: 34599)
[2025-09-13 13:06:06.200] [34513] [HailoRT] [info] [pipeline.cpp:891] [print_deep_description] NmsPPMuxEl0YOLOV8-Post-Process | inputs: MultiPushQEl0YOLOV8-Post-Process[0] | outputs: LastAsyncEl0NmsPPMuxEl0YOLOV8-Post-Process
[2025-09-13 13:06:06.200] [34513] [HailoRT] [info] [pipeline.cpp:891] [print_deep_description] LastAsyncEl0NmsPPMuxEl0YOLOV8-Post-Process | inputs: NmsPPMuxEl0YOLOV8-Post-Process[0] | outputs: user
[2025-09-13 13:06:06.200] [34513] [HailoRT] [info] [hef.cpp:1929] [get_network_group_and_network_name] No name was given. Addressing all networks of default network_group: best_v8
[2025-09-13 13:06:06.200] [34513] [HailoRT] [info] [hef.cpp:1929] [get_network_group_and_network_name] No name was given. Addressing all networks of default network_group: best_v8
